TN:
SF:/Users/peter/Code/udemy/node/node-todo-app/server/server.js
FN:21,(anonymous_0)
FN:26,(anonymous_1)
FN:28,(anonymous_2)
FN:33,(anonymous_3)
FN:37,(anonymous_4)
FN:40,(anonymous_5)
FN:42,(anonymous_6)
FN:47,(anonymous_7)
FN:57,(anonymous_8)
FN:62,(anonymous_9)
FN:68,(anonymous_10)
FN:102,(anonymous_11)
FN:133,(anonymous_12)
FN:138,(anonymous_13)
FN:143,(anonymous_14)
FN:165,(anonymous_15)
FN:169,(anonymous_16)
FN:188,(anonymous_17)
FN:204,(anonymous_18)
FNF:19
FNH:0
FNDA:0,(anonymous_0)
FNDA:0,(anonymous_1)
FNDA:0,(anonymous_2)
FNDA:0,(anonymous_3)
FNDA:0,(anonymous_4)
FNDA:0,(anonymous_5)
FNDA:0,(anonymous_6)
FNDA:0,(anonymous_7)
FNDA:0,(anonymous_8)
FNDA:0,(anonymous_9)
FNDA:0,(anonymous_10)
FNDA:0,(anonymous_11)
FNDA:0,(anonymous_12)
FNDA:0,(anonymous_13)
FNDA:0,(anonymous_14)
FNDA:0,(anonymous_15)
FNDA:0,(anonymous_16)
FNDA:0,(anonymous_17)
FNDA:0,(anonymous_18)
DA:4,1
DA:5,1
DA:6,1
DA:7,1
DA:8,1
DA:10,1
DA:11,1
DA:12,1
DA:13,1
DA:15,1
DA:17,1
DA:19,1
DA:21,1
DA:22,0
DA:26,0
DA:27,0
DA:29,0
DA:33,1
DA:34,0
DA:37,1
DA:38,0
DA:41,0
DA:43,0
DA:47,1
DA:48,0
DA:50,0
DA:51,0
DA:54,0
DA:58,0
DA:59,0
DA:61,0
DA:63,0
DA:68,1
DA:69,0
DA:71,0
DA:72,0
DA:75,0
DA:76,0
DA:80,0
DA:81,0
DA:83,0
DA:85,0
DA:102,1
DA:103,0
DA:104,0
DA:106,0
DA:107,0
DA:110,0
DA:111,0
DA:113,0
DA:114,0
DA:126,0
DA:134,0
DA:135,0
DA:137,0
DA:139,0
DA:143,1
DA:144,0
DA:145,0
DA:146,0
DA:147,0
DA:148,0
DA:150,0
DA:152,0
DA:165,1
DA:166,0
DA:169,1
DA:170,0
DA:171,0
DA:172,0
DA:173,0
DA:174,0
DA:176,0
DA:188,1
DA:194,0
DA:195,0
DA:196,0
DA:198,0
DA:203,1
DA:204,0
DA:205,0
DA:210,1
LF:82
LH:24
BRDA:17,0,0,1
BRDA:17,0,1,0
BRDA:50,1,0,0
BRDA:50,1,1,0
BRDA:58,2,0,0
BRDA:58,2,1,0
BRDA:71,3,0,0
BRDA:71,3,1,0
BRDA:80,4,0,0
BRDA:80,4,1,0
BRDA:106,5,0,0
BRDA:106,5,1,0
BRDA:110,6,0,0
BRDA:110,6,1,0
BRDA:110,7,0,0
BRDA:110,7,1,0
BRDA:134,8,0,0
BRDA:134,8,1,0
BRDA:203,9,0,0
BRDA:203,9,1,1
BRF:20
BRH:2
end_of_record
TN:
SF:/Users/peter/Code/udemy/node/node-todo-app/server/config/config.js
FN:11,(anonymous_0)
FNF:1
FNH:1
FNDA:3,(anonymous_0)
DA:4,1
DA:5,1
DA:7,1
DA:8,1
DA:9,1
DA:11,1
DA:12,3
LF:7
LH:7
BRDA:4,0,0,1
BRDA:4,0,1,1
BRDA:7,1,0,1
BRDA:7,1,1,0
BRDA:7,2,0,1
BRDA:7,2,1,0
BRF:6
BRH:4
end_of_record
TN:
SF:/Users/peter/Code/udemy/node/node-todo-app/server/db/mongoose.js
FNF:0
FNH:0
DA:4,1
DA:6,1
DA:7,1
DA:9,1
LF:4
LH:4
BRF:0
BRH:0
end_of_record
TN:
SF:/Users/peter/Code/udemy/node/node-todo-app/server/middleware/authenticate.js
FN:5,(anonymous_0)
FN:7,(anonymous_1)
FN:14,(anonymous_2)
FNF:3
FNH:0
FNDA:0,(anonymous_0)
FNDA:0,(anonymous_1)
FNDA:0,(anonymous_2)
DA:4,1
DA:5,1
DA:6,0
DA:7,0
DA:8,0
DA:9,0
DA:11,0
DA:12,0
DA:13,0
DA:15,0
DA:19,1
LF:11
LH:3
BRDA:8,0,0,0
BRDA:8,0,1,0
BRF:2
BRH:0
end_of_record
TN:
SF:/Users/peter/Code/udemy/node/node-todo-app/server/models/todo.js
FNF:0
FNH:0
DA:4,1
DA:5,1
DA:27,1
DA:48,1
LF:4
LH:4
BRF:0
BRH:0
end_of_record
TN:
SF:/Users/peter/Code/udemy/node/node-todo-app/server/models/user.js
FN:17,(anonymous_0)
FN:44,(anonymous_1)
FN:51,(anonymous_2)
FN:63,(anonymous_3)
FN:68,(anonymous_4)
FN:87,(anonymous_5)
FN:89,(anonymous_6)
FN:93,(anonymous_7)
FN:94,(anonymous_8)
FN:105,(anonymous_9)
FN:115,(anonymous_10)
FN:118,(anonymous_11)
FN:119,(anonymous_12)
FNF:13
FNH:0
FNDA:0,(anonymous_0)
FNDA:0,(anonymous_1)
FNDA:0,(anonymous_2)
FNDA:0,(anonymous_3)
FNDA:0,(anonymous_4)
FNDA:0,(anonymous_5)
FNDA:0,(anonymous_6)
FNDA:0,(anonymous_7)
FNDA:0,(anonymous_8)
FNDA:0,(anonymous_9)
FNDA:0,(anonymous_10)
FNDA:0,(anonymous_11)
FNDA:0,(anonymous_12)
DA:4,1
DA:5,1
DA:6,1
DA:7,1
DA:8,1
DA:10,1
DA:18,0
DA:44,1
DA:45,0
DA:46,0
DA:48,0
DA:51,1
DA:52,0
DA:53,0
DA:54,0
DA:55,0
DA:59,0
DA:64,0
DA:68,1
DA:69,0
DA:72,0
DA:73,0
DA:78,0
DA:80,0
DA:87,1
DA:88,0
DA:89,0
DA:90,0
DA:91,0
DA:93,0
DA:94,0
DA:95,0
DA:96,0
DA:98,0
DA:105,1
DA:106,0
DA:108,0
DA:115,1
DA:116,0
DA:117,0
DA:118,0
DA:119,0
DA:120,0
DA:121,0
DA:125,0
DA:129,1
DA:130,1
LF:47
LH:14
BRDA:90,0,0,0
BRDA:90,0,1,0
BRDA:95,1,0,0
BRDA:95,1,1,0
BRDA:117,2,0,0
BRDA:117,2,1,0
BRF:6
BRH:0
end_of_record
TN:
SF:/Users/peter/Code/udemy/node/node-todo-app/server/tests/seed/seed.js
FN:42,(anonymous_0)
FN:43,(anonymous_1)
FN:45,(anonymous_2)
FN:48,(anonymous_3)
FN:49,(anonymous_4)
FN:54,(anonymous_5)
FNF:6
FNH:1
FNDA:0,(anonymous_0)
FNDA:0,(anonymous_1)
FNDA:0,(anonymous_2)
FNDA:1,(anonymous_3)
FNDA:0,(anonymous_4)
FNDA:0,(anonymous_5)
DA:4,1
DA:5,1
DA:7,1
DA:8,1
DA:10,1
DA:11,1
DA:12,1
DA:30,1
DA:42,1
DA:43,0
DA:44,0
DA:45,0
DA:48,1
DA:49,1
DA:50,0
DA:51,0
DA:53,0
DA:54,0
DA:57,1
LF:19
LH:12
BRF:0
BRH:0
end_of_record
